<?xml version="1.0" encoding="UTF-8"?>
<testsuite xmlns:xsi="http://www.w3.org/2001/XMLSchema-instance" xsi:noNamespaceSchemaLocation="https://maven.apache.org/surefire/maven-surefire-plugin/xsd/surefire-test-report.xsd" name="com.epam.rd.autotasks.snail.SnailTest" time="0.188" tests="13" errors="0" skipped="0" failures="0">
  <properties>
    <property name="java.specification.version" value="17"/>
    <property name="sun.cpu.isalist" value="amd64"/>
    <property name="sun.jnu.encoding" value="Cp1252"/>
    <property name="java.class.path" value="C:\Users\38099\IdeaProjects\Epam\snail\target\test-classes;C:\Users\38099\IdeaProjects\Epam\snail\target\classes;C:\Users\38099\.m2\repository\org\junit\jupiter\junit-jupiter\5.7.2\junit-jupiter-5.7.2.jar;C:\Users\38099\.m2\repository\org\junit\jupiter\junit-jupiter-api\5.7.2\junit-jupiter-api-5.7.2.jar;C:\Users\38099\.m2\repository\org\apiguardian\apiguardian-api\1.1.0\apiguardian-api-1.1.0.jar;C:\Users\38099\.m2\repository\org\opentest4j\opentest4j\1.2.0\opentest4j-1.2.0.jar;C:\Users\38099\.m2\repository\org\junit\platform\junit-platform-commons\1.7.2\junit-platform-commons-1.7.2.jar;C:\Users\38099\.m2\repository\org\junit\jupiter\junit-jupiter-params\5.7.2\junit-jupiter-params-5.7.2.jar;C:\Users\38099\.m2\repository\org\junit\jupiter\junit-jupiter-engine\5.7.2\junit-jupiter-engine-5.7.2.jar;C:\Users\38099\.m2\repository\org\junit\platform\junit-platform-engine\1.7.2\junit-platform-engine-1.7.2.jar;"/>
    <property name="java.vm.vendor" value="Oracle Corporation"/>
    <property name="sun.arch.data.model" value="64"/>
    <property name="user.variant" value=""/>
    <property name="java.vendor.url" value="https://java.oracle.com/"/>
    <property name="user.timezone" value="Europe/Kiev"/>
    <property name="os.name" value="Windows 11"/>
    <property name="java.vm.specification.version" value="17"/>
    <property name="sun.java.launcher" value="SUN_STANDARD"/>
    <property name="user.country" value="GB"/>
    <property name="sun.boot.library.path" value="C:\Program Files\Java\jdk-17.0.2\bin"/>
    <property name="sun.java.command" value="C:\Users\38099\AppData\Local\Temp\surefire609188406094391347\surefirebooter11748866223511578300.jar C:\Users\38099\AppData\Local\Temp\surefire609188406094391347 2022-09-20T22-09-44_682-jvmRun1 surefire9628938532174914100tmp surefire_02731788254027910755tmp"/>
    <property name="jdk.debug" value="release"/>
    <property name="surefire.test.class.path" value="C:\Users\38099\IdeaProjects\Epam\snail\target\test-classes;C:\Users\38099\IdeaProjects\Epam\snail\target\classes;C:\Users\38099\.m2\repository\org\junit\jupiter\junit-jupiter\5.7.2\junit-jupiter-5.7.2.jar;C:\Users\38099\.m2\repository\org\junit\jupiter\junit-jupiter-api\5.7.2\junit-jupiter-api-5.7.2.jar;C:\Users\38099\.m2\repository\org\apiguardian\apiguardian-api\1.1.0\apiguardian-api-1.1.0.jar;C:\Users\38099\.m2\repository\org\opentest4j\opentest4j\1.2.0\opentest4j-1.2.0.jar;C:\Users\38099\.m2\repository\org\junit\platform\junit-platform-commons\1.7.2\junit-platform-commons-1.7.2.jar;C:\Users\38099\.m2\repository\org\junit\jupiter\junit-jupiter-params\5.7.2\junit-jupiter-params-5.7.2.jar;C:\Users\38099\.m2\repository\org\junit\jupiter\junit-jupiter-engine\5.7.2\junit-jupiter-engine-5.7.2.jar;C:\Users\38099\.m2\repository\org\junit\platform\junit-platform-engine\1.7.2\junit-platform-engine-1.7.2.jar;"/>
    <property name="sun.cpu.endian" value="little"/>
    <property name="user.home" value="C:\Users\38099"/>
    <property name="user.language" value="en"/>
    <property name="java.specification.vendor" value="Oracle Corporation"/>
    <property name="java.version.date" value="2022-01-18"/>
    <property name="java.home" value="C:\Program Files\Java\jdk-17.0.2"/>
    <property name="file.separator" value="\"/>
    <property name="basedir" value="C:\Users\38099\IdeaProjects\Epam\snail"/>
    <property name="java.vm.compressedOopsMode" value="Zero based"/>
    <property name="line.separator" value="&#10;"/>
    <property name="java.vm.specification.vendor" value="Oracle Corporation"/>
    <property name="java.specification.name" value="Java Platform API Specification"/>
    <property name="surefire.real.class.path" value="C:\Users\38099\AppData\Local\Temp\surefire609188406094391347\surefirebooter11748866223511578300.jar"/>
    <property name="user.script" value=""/>
    <property name="sun.management.compiler" value="HotSpot 64-Bit Tiered Compilers"/>
    <property name="java.runtime.version" value="17.0.2+8-LTS-86"/>
    <property name="user.name" value="38099"/>
    <property name="path.separator" value=";"/>
    <property name="os.version" value="10.0"/>
    <property name="java.runtime.name" value="Java(TM) SE Runtime Environment"/>
    <property name="file.encoding" value="Cp1252"/>
    <property name="java.vm.name" value="Java HotSpot(TM) 64-Bit Server VM"/>
    <property name="localRepository" value="C:\Users\38099\.m2\repository"/>
    <property name="java.vendor.url.bug" value="https://bugreport.java.com/bugreport/"/>
    <property name="java.io.tmpdir" value="C:\Users\38099\AppData\Local\Temp\"/>
    <property name="idea.version" value="2022.1"/>
    <property name="java.version" value="17.0.2"/>
    <property name="user.dir" value="C:\Users\38099\IdeaProjects\Epam\snail"/>
    <property name="os.arch" value="amd64"/>
    <property name="java.vm.specification.name" value="Java Virtual Machine Specification"/>
    <property name="sun.os.patch.level" value=""/>
    <property name="native.encoding" value="Cp1252"/>
    <property name="java.library.path" value="C:\Program Files\Java\jdk-17.0.2\bin;C:\WINDOWS\Sun\Java\bin;C:\WINDOWS\system32;C:\WINDOWS;C:\Program Files\Common Files\Oracle\Java\javapath;C:\WINDOWS\system32;C:\WINDOWS;C:\WINDOWS\System32\Wbem;C:\WINDOWS\System32\WindowsPowerShell\v1.0\;C:\WINDOWS\System32\OpenSSH\;C:\Program Files\dotnet\;C:\Program Files\Microsoft SQL Server\130\Tools\Binn\;C:\Program Files\Microsoft SQL Server\Client SDK\ODBC\170\Tools\Binn\;C:\Users\38099\Maven\apache-maven-3.8.6\bin;C:\Users\38099\AppData\Local\Microsoft\WindowsApps;C:\Users\38099\AppData\Local\Programs\Fiddler;C:\Users\38099\AppData\Local\Programs\Git\cmd;C:\Users\38099\AppData\Local\Programs\Microsoft VS Code\bin;."/>
    <property name="java.vm.info" value="mixed mode, sharing"/>
    <property name="java.vendor" value="Oracle Corporation"/>
    <property name="java.vm.version" value="17.0.2+8-LTS-86"/>
    <property name="sun.io.unicode.encoding" value="UnicodeLittle"/>
    <property name="java.class.version" value="61.0"/>
  </properties>
  <testcase name="test{String, String, String, String}[1]" classname="com.epam.rd.autotasks.snail.SnailTest" time="0.077"/>
  <testcase name="test{String, String, String, String}[2]" classname="com.epam.rd.autotasks.snail.SnailTest" time="0.003"/>
  <testcase name="test{String, String, String, String}[3]" classname="com.epam.rd.autotasks.snail.SnailTest" time="0.002"/>
  <testcase name="test{String, String, String, String}[4]" classname="com.epam.rd.autotasks.snail.SnailTest" time="0.003"/>
  <testcase name="test{String, String, String, String}[5]" classname="com.epam.rd.autotasks.snail.SnailTest" time="0.002"/>
  <testcase name="test{String, String, String, String}[6]" classname="com.epam.rd.autotasks.snail.SnailTest" time="0.004"/>
  <testcase name="test{String, String, String, String}[7]" classname="com.epam.rd.autotasks.snail.SnailTest" time="0.003"/>
  <testcase name="test{String, String, String, String}[8]" classname="com.epam.rd.autotasks.snail.SnailTest" time="0.003"/>
  <testcase name="test{String, String, String, String}[9]" classname="com.epam.rd.autotasks.snail.SnailTest" time="0.003"/>
  <testcase name="test{String, String, String, String}[10]" classname="com.epam.rd.autotasks.snail.SnailTest" time="0.002"/>
  <testcase name="test{String, String, String, String}[11]" classname="com.epam.rd.autotasks.snail.SnailTest" time="0.002"/>
  <testcase name="test{String, String, String, String}[12]" classname="com.epam.rd.autotasks.snail.SnailTest" time="0.002"/>
  <testcase name="test{String, String, String, String}[13]" classname="com.epam.rd.autotasks.snail.SnailTest" time="0.003"/>
</testsuite>